TN:
SF:/home/rico/dev/node/a-toolbox/main.js
FN:2,(anonymous_1)
FN:6,(anonymous_2)
FN:20,(anonymous_3)
FN:30,(anonymous_4)
FN:38,(anonymous_5)
FN:46,(anonymous_6)
FN:55,(anonymous_7)
FN:64,(anonymous_8)
FN:79,(anonymous_9)
FN:96,(anonymous_10)
FN:102,(anonymous_11)
FN:116,(anonymous_12)
FN:127,(anonymous_13)
FN:141,(anonymous_14)
FN:158,(anonymous_15)
FN:172,(anonymous_16)
FN:179,(anonymous_17)
FN:186,(anonymous_18)
FN:201,(anonymous_19)
FN:202,(anonymous_20)
FN:213,(anonymous_21)
FNF:21
FNH:20
FNDA:1,(anonymous_1)
FNDA:0,(anonymous_2)
FNDA:7,(anonymous_3)
FNDA:1,(anonymous_4)
FNDA:1,(anonymous_5)
FNDA:1,(anonymous_6)
FNDA:2,(anonymous_7)
FNDA:1,(anonymous_8)
FNDA:25,(anonymous_9)
FNDA:1,(anonymous_10)
FNDA:1,(anonymous_11)
FNDA:26,(anonymous_12)
FNDA:26,(anonymous_13)
FNDA:2,(anonymous_14)
FNDA:2,(anonymous_15)
FNDA:1,(anonymous_16)
FNDA:5,(anonymous_17)
FNDA:5,(anonymous_18)
FNDA:1,(anonymous_19)
FNDA:4,(anonymous_20)
FNDA:1,(anonymous_21)
DA:2,1
DA:3,1
DA:6,1
DA:7,0
DA:10,1
DA:21,7
DA:22,7
DA:23,7
DA:31,1
DA:39,1
DA:47,1
DA:56,2
DA:65,1
DA:66,0
DA:68,1
DA:69,1
DA:71,0
DA:80,25
DA:81,25
DA:83,0
DA:84,0
DA:85,0
DA:87,0
DA:97,1
DA:103,1
DA:104,5
DA:117,26
DA:118,0
DA:119,26
DA:128,26
DA:129,0
DA:131,26
DA:132,26
DA:133,26
DA:142,2
DA:143,0
DA:144,2
DA:145,1
DA:146,2
DA:147,2
DA:148,24
DA:149,2
DA:159,2
DA:160,4
DA:161,1
DA:162,1
DA:164,3
DA:173,1
DA:174,1
DA:180,5
DA:187,5
DA:188,5
DA:202,1
DA:203,4
DA:214,1
DA:215,0
DA:217,1
DA:218,1
DA:224,1
DA:225,1
LF:60
LH:49
BRDA:22,1,0,7
BRDA:22,1,1,0
BRDA:39,2,0,1
BRDA:39,2,1,0
BRDA:65,3,0,0
BRDA:65,3,1,1
BRDA:68,4,0,1
BRDA:68,4,1,0
BRDA:80,5,0,25
BRDA:80,5,1,0
BRDA:86,6,0,0
BRDA:86,6,1,0
BRDA:117,7,0,0
BRDA:117,7,1,26
BRDA:128,8,0,0
BRDA:128,8,1,26
BRDA:142,9,0,0
BRDA:142,9,1,2
BRDA:144,10,0,1
BRDA:144,10,1,1
BRDA:160,11,0,1
BRDA:160,11,1,3
BRDA:161,12,0,1
BRDA:161,12,1,1
BRDA:188,13,0,5
BRDA:188,13,1,1
BRDA:188,13,2,1
BRDA:203,14,0,3
BRDA:203,14,1,1
BRDA:203,15,0,0
BRDA:203,15,1,1
BRDA:214,16,0,0
BRDA:214,16,1,1
BRDA:224,17,0,1
BRDA:224,17,1,0
BRDA:224,18,0,1
BRDA:224,18,1,1
BRF:37
BRH:24
end_of_record
